1769632355
1771751305
1770767705
1771073719
1769981571
1770149863
1769155061
1771226908
1773945663
1769798310
1769817357
3435441
1770757758
1773333774
1772396699
1771844683
1774286947
1774150235
1773865492
1771735178
1769671735
1769453828
1770775401
1770005406
1771438115
1772246163
1769954958
1768957186
1769291862
1770426171
1771081969
1773527889
1773611321
1769304758
1771350121
1773404194
1770054641
1770615104
1772087856
1773346762
1773371084
1772276933
1771688197
1769714189
1769812197
1772615033
1770558007
1773099276
1772941628
1772948877
1772626072
1772868682
1772918948
1772275868
3555200
1769268358
1772471413
1772240930
1772205209
1772202846
1772229583
1772271152
1772308829
1770823064
1770566451
1770958321
1769600508
1770595151
1770845250
1769485102
1769532076
1769168031
1770726845
1769440365
1769400219
1770158922
1770160045
1769109661
1771934119
1770819841
1769168912
1769634929
1769745030
3373813
1771632256
1769807349
1771516118
1771809562
1771852529
1771011000
1770243080